[teamaceofbotz.wixsite.com/agridoor.html]
[backblue.gif]
[fade.gif]
[index.html]
[teamaceofbotz.wixsite.com/agridoor/decodeURIComponent(e]
[teamaceofbotz.wixsite.com/agridoor/https_]
[teamaceofbotz.wixsite.com/agridoor/robots.txt]
[teamaceofbotz.wixsite.com/agridoor/sitemap.xml]
[teamaceofbotz.wixsite.com/agridoor/feed.xml]
[teamaceofbotz.wixsite.com/agridoor/products-services.html]
[teamaceofbotz.wixsite.com/index.html]
[teamaceofbotz.wixsite.com/agridoor/$&/index.html]
[teamaceofbotz.wixsite.com/agridoor/about-us.html]
[teamaceofbotz.wixsite.com/agridoor/contact.html]
[teamaceofbotz.wixsite.com/agridoor.html]
[teamaceofbotz.wixsite.com/agridoor/decodeURIComponent(e.html]
[teamaceofbotz.wixsite.com/agridoor/https_.html]
[teamaceofbotz.wixsite.com/agridoor/robots.html]
[teamaceofbotz.wixsite.com/agridoor/feed.html]
[teamaceofbotz.wixsite.com/agridoor/$&/index.html]
[teamaceofbotz.wixsite.com/index.html]
[teamaceofbotz.wixsite.com/agridoor/technology.html]
[teamaceofbotz.wixsite.com/agridoor/copy-of-products-services.html]
[teamaceofbotz.wixsite.com/agridoor/products-services.html]
[teamaceofbotz.wixsite.com/agridoor/about-us.html]
[teamaceofbotz.wixsite.com/agridoor/contact.html]
[teamaceofbotz.wixsite.com/agridoor/technology.html]
[teamaceofbotz.wixsite.com/agridoor/copy-of-products-services.html]
[teamaceofbotz.wixsite.com/agridoor/copy-2-of-products-services.html]
[teamaceofbotz.wixsite.com/agridoor/copy-2-of-products-services.html]
